<?xml version="1.0" encoding="UTF-8"?>
<!-- Generated by org.testng.reporters.JUnitXMLReporter -->
<testsuite ignored="0" hostname="DESKTOP-TCMQ2TK" failures="1" tests="26" name="Test" time="73.579" errors="0" timestamp="2023-10-04T22:07:26 IST">
  <testcase classname="com.obsquara.SeleniumTestNG.AnnotationScenario" name="@BeforeMethod instilBrowser" time="2.402">
    <failure type="org.openqa.selenium.WebDriverException" message="unknown error: cannot determine loading status
from disconnected: received Inspector.detached event
  (Session info: chrome=117.0.5938.150)
Build info: version: &amp;apos;4.10.0&amp;apos;, revision: &amp;apos;c14d967899&amp;apos;
System info: os.name: &amp;apos;Windows 10&amp;apos;, os.arch: &amp;apos;amd64&amp;apos;, os.version: &amp;apos;10.0&amp;apos;, java.version: &amp;apos;17.0.8&amp;apos;
Driver info: org.openqa.selenium.chrome.ChromeDriver
Command: [006b4e5b2faa34ed8f63bf55bc9b0421, get {url=https://www.meesho.com/}]
Capabilities {acceptInsecureCerts: false, browserName: chrome, browserVersion: 117.0.5938.150, chrome: {chromedriverVersion: 116.0.5845.96 (1a3918166880..., userDataDir: C:\Users\user\AppData\Local...}, fedcm:accounts: true, goog:chromeOptions: {debuggerAddress: localhost:54592}, networkConnectionEnabled: false, pageLoadStrategy: normal, platformName: windows, proxy: Proxy(), se:cdp: ws://localhost:54592/devtoo..., se:cdpVersion: 117.0.5938.150, setWindowRect: true, strictFileInteractability: false, timeouts: {implicit: 0, pageLoad: 300000, script: 30000}, unhandledPromptBehavior: dismiss and notify, webauthn:extension:credBlob: true, webauthn:extension:largeBlob: true, webauthn:extension:minPinLength: true, webauthn:extension:prf: true, webauthn:virtualAuthenticators: true}
Session ID: 006b4e5b2faa34ed8f63bf55bc9b0421">
      <![CDATA[org.openqa.selenium.WebDriverException: unknown error: cannot determine loading status
from disconnected: received Inspector.detached event
  (Session info: chrome=117.0.5938.150)
Build info: version: '4.10.0', revision: 'c14d967899'
System info: os.name: 'Windows 10', os.arch: 'amd64', os.version: '10.0', java.version: '17.0.8'
Driver info: org.openqa.selenium.chrome.ChromeDriver
Command: [006b4e5b2faa34ed8f63bf55bc9b0421, get {url=https://www.meesho.com/}]
Capabilities {acceptInsecureCerts: false, browserName: chrome, browserVersion: 117.0.5938.150, chrome: {chromedriverVersion: 116.0.5845.96 (1a3918166880..., userDataDir: C:\Users\user\AppData\Local...}, fedcm:accounts: true, goog:chromeOptions: {debuggerAddress: localhost:54592}, networkConnectionEnabled: false, pageLoadStrategy: normal, platformName: windows, proxy: Proxy(), se:cdp: ws://localhost:54592/devtoo..., se:cdpVersion: 117.0.5938.150, setWindowRect: true, strictFileInteractability: false, timeouts: {implicit: 0, pageLoad: 300000, script: 30000}, unhandledPromptBehavior: dismiss and notify, webauthn:extension:credBlob: true, webauthn:extension:largeBlob: true, webauthn:extension:minPinLength: true, webauthn:extension:prf: true, webauthn:virtualAuthenticators: true}
Session ID: 006b4e5b2faa34ed8f63bf55bc9b0421
at org.openqa.selenium.remote.codec.w3c.W3CHttpResponseCodec.createException(W3CHttpResponseCodec.java:199)
at org.openqa.selenium.remote.codec.w3c.W3CHttpResponseCodec.decode(W3CHttpResponseCodec.java:132)
at org.openqa.selenium.remote.codec.w3c.W3CHttpResponseCodec.decode(W3CHttpResponseCodec.java:51)
at org.openqa.selenium.remote.HttpCommandExecutor.execute(HttpCommandExecutor.java:191)
at org.openqa.selenium.remote.service.DriverCommandExecutor.invokeExecute(DriverCommandExecutor.java:196)
at org.openqa.selenium.remote.service.DriverCommandExecutor.execute(DriverCommandExecutor.java:171)
at org.openqa.selenium.remote.RemoteWebDriver.execute(RemoteWebDriver.java:531)
at org.openqa.selenium.remote.RemoteWebDriver.get(RemoteWebDriver.java:295)
at com.obsquara.SeleniumTestNG.AnnotationScenario.instilBrowser(AnnotationScenario.java:29)
at java.base/java.util.ArrayList.forEach(ArrayList.java:1511)
... Removed 36 stack frames]]>
    </failure>
  </testcase> <!-- @BeforeMethod instilBrowser -->
  <testcase classname="com.obsquara.SeleniumTestNG.AnnotationScenario" name="@AfterMethod driverQuit" time="0.0">
    <skipped/>
  </testcase> <!-- @AfterMethod driverQuit -->
  <testcase classname="com.obsquara.SeleniumTestNG.AnnotationScenario" name="@AfterClass afterclass" time="0.0">
    <skipped/>
  </testcase> <!-- @AfterClass afterclass -->
  <testcase classname="com.obsquara.SeleniumTestNG.Base" name="@BeforeMethod instilBrowser" time="6.194">
    <failure type="org.openqa.selenium.remote.UnreachableBrowserException" message="Error communicating with the remote browser. It may have died.
Build info: version: &amp;apos;4.10.0&amp;apos;, revision: &amp;apos;c14d967899&amp;apos;
System info: os.name: &amp;apos;Windows 10&amp;apos;, os.arch: &amp;apos;amd64&amp;apos;, os.version: &amp;apos;10.0&amp;apos;, java.version: &amp;apos;17.0.8&amp;apos;
Driver info: org.openqa.selenium.chrome.ChromeDriver
Command: [cebd2ecb049a1df2bf3bfaa2d8d050a4, get {url=https://selenium.obsqurazone.com/simple-form-demo.php}]
Capabilities {acceptInsecureCerts: false, browserName: chrome, browserVersion: 117.0.5938.150, chrome: {chromedriverVersion: 116.0.5845.96 (1a3918166880..., userDataDir: C:\Users\user\AppData\Local...}, fedcm:accounts: true, goog:chromeOptions: {debuggerAddress: localhost:54606}, networkConnectionEnabled: false, pageLoadStrategy: normal, platformName: windows, proxy: Proxy(), se:cdp: ws://localhost:54606/devtoo..., se:cdpVersion: 117.0.5938.150, setWindowRect: true, strictFileInteractability: false, timeouts: {implicit: 0, pageLoad: 300000, script: 30000}, unhandledPromptBehavior: dismiss and notify, webauthn:extension:credBlob: true, webauthn:extension:largeBlob: true, webauthn:extension:minPinLength: true, webauthn:extension:prf: true, webauthn:virtualAuthenticators: true}
Session ID: cebd2ecb049a1df2bf3bfaa2d8d050a4">
      <![CDATA[org.openqa.selenium.remote.UnreachableBrowserException: Error communicating with the remote browser. It may have died.
Build info: version: '4.10.0', revision: 'c14d967899'
System info: os.name: 'Windows 10', os.arch: 'amd64', os.version: '10.0', java.version: '17.0.8'
Driver info: org.openqa.selenium.chrome.ChromeDriver
Command: [cebd2ecb049a1df2bf3bfaa2d8d050a4, get {url=https://selenium.obsqurazone.com/simple-form-demo.php}]
Capabilities {acceptInsecureCerts: false, browserName: chrome, browserVersion: 117.0.5938.150, chrome: {chromedriverVersion: 116.0.5845.96 (1a3918166880..., userDataDir: C:\Users\user\AppData\Local...}, fedcm:accounts: true, goog:chromeOptions: {debuggerAddress: localhost:54606}, networkConnectionEnabled: false, pageLoadStrategy: normal, platformName: windows, proxy: Proxy(), se:cdp: ws://localhost:54606/devtoo..., se:cdpVersion: 117.0.5938.150, setWindowRect: true, strictFileInteractability: false, timeouts: {implicit: 0, pageLoad: 300000, script: 30000}, unhandledPromptBehavior: dismiss and notify, webauthn:extension:credBlob: true, webauthn:extension:largeBlob: true, webauthn:extension:minPinLength: true, webauthn:extension:prf: true, webauthn:virtualAuthenticators: true}
Session ID: cebd2ecb049a1df2bf3bfaa2d8d050a4
at org.openqa.selenium.remote.RemoteWebDriver.execute(RemoteWebDriver.java:558)
at org.openqa.selenium.remote.RemoteWebDriver.get(RemoteWebDriver.java:295)
at com.obsquara.SeleniumTestNG.Base.instilBrowser(Base.java:23)
at java.base/java.util.ArrayList.forEach(ArrayList.java:1511)
Caused by: java.io.UncheckedIOException: java.net.SocketException: Connection reset
at org.openqa.selenium.remote.http.netty.NettyHttpHandler.makeCall(NettyHttpHandler.java:73)
at org.openqa.selenium.remote.http.AddSeleniumUserAgent.lambda$apply$0(AddSeleniumUserAgent.java:42)
at org.openqa.selenium.remote.http.Filter.lambda$andFinally$1(Filter.java:55)
at org.openqa.selenium.remote.http.netty.NettyHttpHandler.execute(NettyHttpHandler.java:48)
at org.openqa.selenium.remote.http.AddSeleniumUserAgent.lambda$apply$0(AddSeleniumUserAgent.java:42)
at org.openqa.selenium.remote.http.Filter.lambda$andFinally$1(Filter.java:55)
at org.openqa.selenium.remote.http.netty.NettyClient.execute(NettyClient.java:97)
at org.openqa.selenium.remote.HttpCommandExecutor.execute(HttpCommandExecutor.java:188)
at org.openqa.selenium.remote.service.DriverCommandExecutor.invokeExecute(DriverCommandExecutor.java:196)
at org.openqa.selenium.remote.service.DriverCommandExecutor.execute(DriverCommandExecutor.java:171)
at org.openqa.selenium.remote.RemoteWebDriver.execute(RemoteWebDriver.java:531)
... 34 more
Caused by: java.net.SocketException: Connection reset
at java.base/sun.nio.ch.SocketChannelImpl.throwConnectionReset(SocketChannelImpl.java:394)
at java.base/sun.nio.ch.SocketChannelImpl.read(SocketChannelImpl.java:426)
at io.netty.buffer.PooledByteBuf.setBytes(PooledByteBuf.java:256)
at io.netty.buffer.AbstractByteBuf.writeBytes(AbstractByteBuf.java:1132)
at io.netty.channel.socket.nio.NioSocketChannel.doReadBytes(NioSocketChannel.java:357)
at io.netty.channel.nio.AbstractNioByteChannel$NioByteUnsafe.read(AbstractNioByteChannel.java:151)
at io.netty.channel.nio.NioEventLoop.processSelectedKey(NioEventLoop.java:788)
at io.netty.channel.nio.NioEventLoop.processSelectedKeysOptimized(NioEventLoop.java:724)
at io.netty.channel.nio.NioEventLoop.processSelectedKeys(NioEventLoop.java:650)
at io.netty.channel.nio.NioEventLoop.run(NioEventLoop.java:562)
at io.netty.util.concurrent.SingleThreadEventExecutor$4.run(SingleThreadEventExecutor.java:997)
at io.netty.util.internal.ThreadExecutorMap$2.run(ThreadExecutorMap.java:74)
at io.netty.util.concurrent.FastThreadLocalRunnable.run(FastThreadLocalRunnable.java:30)
at java.base/java.lang.Thread.run(Thread.java:833)
... Removed 31 stack frames]]>
    </failure>
  </testcase> <!-- @BeforeMethod instilBrowser -->
  <testcase classname="com.obsquara.SeleniumTestNG.Base" name="@AfterMethod driverCloseOrQuit" time="0.0">
    <skipped/>
  </testcase> <!-- @AfterMethod driverCloseOrQuit -->
  <testcase classname="com.obsquara.SeleniumTestNG.Base" name="@BeforeMethod instilBrowser" time="0.0">
    <skipped/>
  </testcase> <!-- @BeforeMethod instilBrowser -->
  <testcase classname="com.obsquara.SeleniumTestNG.Base" name="@AfterMethod driverCloseOrQuit" time="0.0">
    <skipped/>
  </testcase> <!-- @AfterMethod driverCloseOrQuit -->
  <testcase classname="com.obsquara.SeleniumTestNG.Base" name="@BeforeMethod instilBrowser" time="6.56">
    <failure type="org.openqa.selenium.NoSuchWindowException" message="no such window: target window already closed
from unknown error: web view not found
  (Session info: chrome=117.0.5938.150)
Build info: version: &amp;apos;4.10.0&amp;apos;, revision: &amp;apos;c14d967899&amp;apos;
System info: os.name: &amp;apos;Windows 10&amp;apos;, os.arch: &amp;apos;amd64&amp;apos;, os.version: &amp;apos;10.0&amp;apos;, java.version: &amp;apos;17.0.8&amp;apos;
Driver info: org.openqa.selenium.chrome.ChromeDriver
Command: [8d2f375e494b0afcd0f565e0ab920368, maximizeCurrentWindow {}]
Capabilities {acceptInsecureCerts: false, browserName: chrome, browserVersion: 117.0.5938.150, chrome: {chromedriverVersion: 116.0.5845.96 (1a3918166880..., userDataDir: C:\Users\user\AppData\Local...}, fedcm:accounts: true, goog:chromeOptions: {debuggerAddress: localhost:54620}, networkConnectionEnabled: false, pageLoadStrategy: normal, platformName: windows, proxy: Proxy(), se:cdp: ws://localhost:54620/devtoo..., se:cdpVersion: 117.0.5938.150, setWindowRect: true, strictFileInteractability: false, timeouts: {implicit: 0, pageLoad: 300000, script: 30000}, unhandledPromptBehavior: dismiss and notify, webauthn:extension:credBlob: true, webauthn:extension:largeBlob: true, webauthn:extension:minPinLength: true, webauthn:extension:prf: true, webauthn:virtualAuthenticators: true}
Session ID: 8d2f375e494b0afcd0f565e0ab920368">
      <![CDATA[org.openqa.selenium.NoSuchWindowException: no such window: target window already closed
from unknown error: web view not found
  (Session info: chrome=117.0.5938.150)
Build info: version: '4.10.0', revision: 'c14d967899'
System info: os.name: 'Windows 10', os.arch: 'amd64', os.version: '10.0', java.version: '17.0.8'
Driver info: org.openqa.selenium.chrome.ChromeDriver
Command: [8d2f375e494b0afcd0f565e0ab920368, maximizeCurrentWindow {}]
Capabilities {acceptInsecureCerts: false, browserName: chrome, browserVersion: 117.0.5938.150, chrome: {chromedriverVersion: 116.0.5845.96 (1a3918166880..., userDataDir: C:\Users\user\AppData\Local...}, fedcm:accounts: true, goog:chromeOptions: {debuggerAddress: localhost:54620}, networkConnectionEnabled: false, pageLoadStrategy: normal, platformName: windows, proxy: Proxy(), se:cdp: ws://localhost:54620/devtoo..., se:cdpVersion: 117.0.5938.150, setWindowRect: true, strictFileInteractability: false, timeouts: {implicit: 0, pageLoad: 300000, script: 30000}, unhandledPromptBehavior: dismiss and notify, webauthn:extension:credBlob: true, webauthn:extension:largeBlob: true, webauthn:extension:minPinLength: true, webauthn:extension:prf: true, webauthn:virtualAuthenticators: true}
Session ID: 8d2f375e494b0afcd0f565e0ab920368
at org.openqa.selenium.remote.codec.w3c.W3CHttpResponseCodec.createException(W3CHttpResponseCodec.java:199)
at org.openqa.selenium.remote.codec.w3c.W3CHttpResponseCodec.decode(W3CHttpResponseCodec.java:132)
at org.openqa.selenium.remote.codec.w3c.W3CHttpResponseCodec.decode(W3CHttpResponseCodec.java:51)
at org.openqa.selenium.remote.HttpCommandExecutor.execute(HttpCommandExecutor.java:191)
at org.openqa.selenium.remote.service.DriverCommandExecutor.invokeExecute(DriverCommandExecutor.java:196)
at org.openqa.selenium.remote.service.DriverCommandExecutor.execute(DriverCommandExecutor.java:171)
at org.openqa.selenium.remote.RemoteWebDriver.execute(RemoteWebDriver.java:531)
at org.openqa.selenium.remote.RemoteWebDriver.execute(RemoteWebDriver.java:590)
at org.openqa.selenium.remote.RemoteWebDriver.execute(RemoteWebDriver.java:594)
at org.openqa.selenium.remote.RemoteWebDriver$RemoteWebDriverOptions$RemoteWindow.maximize(RemoteWebDriver.java:955)
at com.obsquara.SeleniumTestNG.Base.instilBrowser(Base.java:25)
at java.base/java.util.ArrayList.forEach(ArrayList.java:1511)
... Removed 36 stack frames]]>
    </failure>
  </testcase> <!-- @BeforeMethod instilBrowser -->
  <testcase classname="com.obsquara.SeleniumTestNG.Base" name="@AfterMethod driverCloseOrQuit" time="0.0">
    <skipped/>
  </testcase> <!-- @AfterMethod driverCloseOrQuit -->
  <testcase classname="com.obsquara.SeleniumTestNG.Base" name="@BeforeMethod instilBrowser" time="0.0">
    <skipped/>
  </testcase> <!-- @BeforeMethod instilBrowser -->
  <testcase classname="com.obsquara.SeleniumTestNG.Base" name="@AfterMethod driverCloseOrQuit" time="0.0">
    <skipped/>
  </testcase> <!-- @AfterMethod driverCloseOrQuit -->
  <testcase classname="com.obsquara.SeleniumTestNG.Base" name="@BeforeMethod instilBrowser" time="0.0">
    <skipped/>
  </testcase> <!-- @BeforeMethod instilBrowser -->
  <testcase classname="com.obsquara.SeleniumTestNG.Base" name="@AfterMethod driverCloseOrQuit" time="0.0">
    <skipped/>
  </testcase> <!-- @AfterMethod driverCloseOrQuit -->
  <testcase classname="com.obsquara.SeleniumTestNG.Base" name="@BeforeMethod instilBrowser" time="0.0">
    <skipped/>
  </testcase> <!-- @BeforeMethod instilBrowser -->
  <testcase classname="com.obsquara.SeleniumTestNG.Base" name="@AfterMethod driverCloseOrQuit" time="0.0">
    <skipped/>
  </testcase> <!-- @AfterMethod driverCloseOrQuit -->
  <testcase classname="com.obsquara.SeleniumTestNG.Base" name="@BeforeMethod instilBrowser" time="0.0">
    <skipped/>
  </testcase> <!-- @BeforeMethod instilBrowser -->
  <testcase classname="com.obsquara.SeleniumTestNG.Base" name="@AfterMethod driverCloseOrQuit" time="0.0">
    <skipped/>
  </testcase> <!-- @AfterMethod driverCloseOrQuit -->
  <testcase classname="com.obsquara.SeleniumTestNG.Base" name="@BeforeMethod instilBrowser" time="0.0">
    <skipped/>
  </testcase> <!-- @BeforeMethod instilBrowser -->
  <testcase classname="com.obsquara.SeleniumTestNG.Base" name="@AfterMethod driverCloseOrQuit" time="0.0">
    <skipped/>
  </testcase> <!-- @AfterMethod driverCloseOrQuit -->
  <testcase classname="com.obsquara.SeleniumTestNG.Base" name="@BeforeMethod instilBrowser" time="0.0">
    <skipped/>
  </testcase> <!-- @BeforeMethod instilBrowser -->
  <testcase classname="com.obsquara.SeleniumTestNG.Base" name="@AfterMethod driverCloseOrQuit" time="0.0">
    <skipped/>
  </testcase> <!-- @AfterMethod driverCloseOrQuit -->
  <testcase classname="com.obsquara.SeleniumTestNG.Base" name="@BeforeMethod instilBrowser" time="0.0">
    <skipped/>
  </testcase> <!-- @BeforeMethod instilBrowser -->
  <testcase classname="com.obsquara.SeleniumTestNG.Base" name="@AfterMethod driverCloseOrQuit" time="0.0">
    <skipped/>
  </testcase> <!-- @AfterMethod driverCloseOrQuit -->
  <testcase classname="com.obsquara.SeleniumTestNG.Base" name="@BeforeMethod instilBrowser" time="4.136">
    <failure type="org.openqa.selenium.remote.UnreachableBrowserException" message="Error communicating with the remote browser. It may have died.
Build info: version: &amp;apos;4.10.0&amp;apos;, revision: &amp;apos;c14d967899&amp;apos;
System info: os.name: &amp;apos;Windows 10&amp;apos;, os.arch: &amp;apos;amd64&amp;apos;, os.version: &amp;apos;10.0&amp;apos;, java.version: &amp;apos;17.0.8&amp;apos;
Driver info: org.openqa.selenium.chrome.ChromeDriver
Command: [4c96ba09ee1a7591168fedb1d895ce82, get {url=https://selenium.obsqurazone.com/simple-form-demo.php}]
Capabilities {acceptInsecureCerts: false, browserName: chrome, browserVersion: 117.0.5938.150, chrome: {chromedriverVersion: 116.0.5845.96 (1a3918166880..., userDataDir: C:\Users\user\AppData\Local...}, fedcm:accounts: true, goog:chromeOptions: {debuggerAddress: localhost:54660}, networkConnectionEnabled: false, pageLoadStrategy: normal, platformName: windows, proxy: Proxy(), se:cdp: ws://localhost:54660/devtoo..., se:cdpVersion: 117.0.5938.150, setWindowRect: true, strictFileInteractability: false, timeouts: {implicit: 0, pageLoad: 300000, script: 30000}, unhandledPromptBehavior: dismiss and notify, webauthn:extension:credBlob: true, webauthn:extension:largeBlob: true, webauthn:extension:minPinLength: true, webauthn:extension:prf: true, webauthn:virtualAuthenticators: true}
Session ID: 4c96ba09ee1a7591168fedb1d895ce82">
      <![CDATA[org.openqa.selenium.remote.UnreachableBrowserException: Error communicating with the remote browser. It may have died.
Build info: version: '4.10.0', revision: 'c14d967899'
System info: os.name: 'Windows 10', os.arch: 'amd64', os.version: '10.0', java.version: '17.0.8'
Driver info: org.openqa.selenium.chrome.ChromeDriver
Command: [4c96ba09ee1a7591168fedb1d895ce82, get {url=https://selenium.obsqurazone.com/simple-form-demo.php}]
Capabilities {acceptInsecureCerts: false, browserName: chrome, browserVersion: 117.0.5938.150, chrome: {chromedriverVersion: 116.0.5845.96 (1a3918166880..., userDataDir: C:\Users\user\AppData\Local...}, fedcm:accounts: true, goog:chromeOptions: {debuggerAddress: localhost:54660}, networkConnectionEnabled: false, pageLoadStrategy: normal, platformName: windows, proxy: Proxy(), se:cdp: ws://localhost:54660/devtoo..., se:cdpVersion: 117.0.5938.150, setWindowRect: true, strictFileInteractability: false, timeouts: {implicit: 0, pageLoad: 300000, script: 30000}, unhandledPromptBehavior: dismiss and notify, webauthn:extension:credBlob: true, webauthn:extension:largeBlob: true, webauthn:extension:minPinLength: true, webauthn:extension:prf: true, webauthn:virtualAuthenticators: true}
Session ID: 4c96ba09ee1a7591168fedb1d895ce82
at org.openqa.selenium.remote.RemoteWebDriver.execute(RemoteWebDriver.java:558)
at org.openqa.selenium.remote.RemoteWebDriver.get(RemoteWebDriver.java:295)
at com.obsquara.SeleniumTestNG.Base.instilBrowser(Base.java:23)
at java.base/java.util.ArrayList.forEach(ArrayList.java:1511)
Caused by: java.io.UncheckedIOException: java.net.SocketException: Connection reset
at org.openqa.selenium.remote.http.netty.NettyHttpHandler.makeCall(NettyHttpHandler.java:73)
at org.openqa.selenium.remote.http.AddSeleniumUserAgent.lambda$apply$0(AddSeleniumUserAgent.java:42)
at org.openqa.selenium.remote.http.Filter.lambda$andFinally$1(Filter.java:55)
at org.openqa.selenium.remote.http.netty.NettyHttpHandler.execute(NettyHttpHandler.java:48)
at org.openqa.selenium.remote.http.AddSeleniumUserAgent.lambda$apply$0(AddSeleniumUserAgent.java:42)
at org.openqa.selenium.remote.http.Filter.lambda$andFinally$1(Filter.java:55)
at org.openqa.selenium.remote.http.netty.NettyClient.execute(NettyClient.java:97)
at org.openqa.selenium.remote.HttpCommandExecutor.execute(HttpCommandExecutor.java:188)
at org.openqa.selenium.remote.service.DriverCommandExecutor.invokeExecute(DriverCommandExecutor.java:196)
at org.openqa.selenium.remote.service.DriverCommandExecutor.execute(DriverCommandExecutor.java:171)
at org.openqa.selenium.remote.RemoteWebDriver.execute(RemoteWebDriver.java:531)
... 34 more
Caused by: java.net.SocketException: Connection reset
at java.base/sun.nio.ch.SocketChannelImpl.throwConnectionReset(SocketChannelImpl.java:394)
at java.base/sun.nio.ch.SocketChannelImpl.read(SocketChannelImpl.java:426)
at io.netty.buffer.PooledByteBuf.setBytes(PooledByteBuf.java:256)
at io.netty.buffer.AbstractByteBuf.writeBytes(AbstractByteBuf.java:1132)
at io.netty.channel.socket.nio.NioSocketChannel.doReadBytes(NioSocketChannel.java:357)
at io.netty.channel.nio.AbstractNioByteChannel$NioByteUnsafe.read(AbstractNioByteChannel.java:151)
at io.netty.channel.nio.NioEventLoop.processSelectedKey(NioEventLoop.java:788)
at io.netty.channel.nio.NioEventLoop.processSelectedKeysOptimized(NioEventLoop.java:724)
at io.netty.channel.nio.NioEventLoop.processSelectedKeys(NioEventLoop.java:650)
at io.netty.channel.nio.NioEventLoop.run(NioEventLoop.java:562)
at io.netty.util.concurrent.SingleThreadEventExecutor$4.run(SingleThreadEventExecutor.java:997)
at io.netty.util.internal.ThreadExecutorMap$2.run(ThreadExecutorMap.java:74)
at io.netty.util.concurrent.FastThreadLocalRunnable.run(FastThreadLocalRunnable.java:30)
at java.base/java.lang.Thread.run(Thread.java:833)
... Removed 31 stack frames]]>
    </failure>
  </testcase> <!-- @BeforeMethod instilBrowser -->
  <testcase classname="com.obsquara.SeleniumTestNG.Base" name="@AfterMethod driverCloseOrQuit" time="0.0">
    <skipped/>
  </testcase> <!-- @AfterMethod driverCloseOrQuit -->
  <testcase classname="com.obsquara.SeleniumTestNG.Base" name="@BeforeMethod instilBrowser" time="3.306">
    <failure type="org.openqa.selenium.remote.UnreachableBrowserException" message="Error communicating with the remote browser. It may have died.
Build info: version: &amp;apos;4.10.0&amp;apos;, revision: &amp;apos;c14d967899&amp;apos;
System info: os.name: &amp;apos;Windows 10&amp;apos;, os.arch: &amp;apos;amd64&amp;apos;, os.version: &amp;apos;10.0&amp;apos;, java.version: &amp;apos;17.0.8&amp;apos;
Driver info: org.openqa.selenium.chrome.ChromeDriver
Command: [4970f0efe55ac000a26ae4c3540512f2, get {url=https://selenium.obsqurazone.com/simple-form-demo.php}]
Capabilities {acceptInsecureCerts: false, browserName: chrome, browserVersion: 117.0.5938.150, chrome: {chromedriverVersion: 116.0.5845.96 (1a3918166880..., userDataDir: C:\Users\user\AppData\Local...}, fedcm:accounts: true, goog:chromeOptions: {debuggerAddress: localhost:54704}, networkConnectionEnabled: false, pageLoadStrategy: normal, platformName: windows, proxy: Proxy(), se:cdp: ws://localhost:54704/devtoo..., se:cdpVersion: 117.0.5938.150, setWindowRect: true, strictFileInteractability: false, timeouts: {implicit: 0, pageLoad: 300000, script: 30000}, unhandledPromptBehavior: dismiss and notify, webauthn:extension:credBlob: true, webauthn:extension:largeBlob: true, webauthn:extension:minPinLength: true, webauthn:extension:prf: true, webauthn:virtualAuthenticators: true}
Session ID: 4970f0efe55ac000a26ae4c3540512f2">
      <![CDATA[org.openqa.selenium.remote.UnreachableBrowserException: Error communicating with the remote browser. It may have died.
Build info: version: '4.10.0', revision: 'c14d967899'
System info: os.name: 'Windows 10', os.arch: 'amd64', os.version: '10.0', java.version: '17.0.8'
Driver info: org.openqa.selenium.chrome.ChromeDriver
Command: [4970f0efe55ac000a26ae4c3540512f2, get {url=https://selenium.obsqurazone.com/simple-form-demo.php}]
Capabilities {acceptInsecureCerts: false, browserName: chrome, browserVersion: 117.0.5938.150, chrome: {chromedriverVersion: 116.0.5845.96 (1a3918166880..., userDataDir: C:\Users\user\AppData\Local...}, fedcm:accounts: true, goog:chromeOptions: {debuggerAddress: localhost:54704}, networkConnectionEnabled: false, pageLoadStrategy: normal, platformName: windows, proxy: Proxy(), se:cdp: ws://localhost:54704/devtoo..., se:cdpVersion: 117.0.5938.150, setWindowRect: true, strictFileInteractability: false, timeouts: {implicit: 0, pageLoad: 300000, script: 30000}, unhandledPromptBehavior: dismiss and notify, webauthn:extension:credBlob: true, webauthn:extension:largeBlob: true, webauthn:extension:minPinLength: true, webauthn:extension:prf: true, webauthn:virtualAuthenticators: true}
Session ID: 4970f0efe55ac000a26ae4c3540512f2
at org.openqa.selenium.remote.RemoteWebDriver.execute(RemoteWebDriver.java:558)
at org.openqa.selenium.remote.RemoteWebDriver.get(RemoteWebDriver.java:295)
at com.obsquara.SeleniumTestNG.Base.instilBrowser(Base.java:23)
at java.base/java.util.ArrayList.forEach(ArrayList.java:1511)
Caused by: java.io.UncheckedIOException: java.net.SocketException: Connection reset
at org.openqa.selenium.remote.http.netty.NettyHttpHandler.makeCall(NettyHttpHandler.java:73)
at org.openqa.selenium.remote.http.AddSeleniumUserAgent.lambda$apply$0(AddSeleniumUserAgent.java:42)
at org.openqa.selenium.remote.http.Filter.lambda$andFinally$1(Filter.java:55)
at org.openqa.selenium.remote.http.netty.NettyHttpHandler.execute(NettyHttpHandler.java:48)
at org.openqa.selenium.remote.http.AddSeleniumUserAgent.lambda$apply$0(AddSeleniumUserAgent.java:42)
at org.openqa.selenium.remote.http.Filter.lambda$andFinally$1(Filter.java:55)
at org.openqa.selenium.remote.http.netty.NettyClient.execute(NettyClient.java:97)
at org.openqa.selenium.remote.HttpCommandExecutor.execute(HttpCommandExecutor.java:188)
at org.openqa.selenium.remote.service.DriverCommandExecutor.invokeExecute(DriverCommandExecutor.java:196)
at org.openqa.selenium.remote.service.DriverCommandExecutor.execute(DriverCommandExecutor.java:171)
at org.openqa.selenium.remote.RemoteWebDriver.execute(RemoteWebDriver.java:531)
... 34 more
Caused by: java.net.SocketException: Connection reset
at java.base/sun.nio.ch.SocketChannelImpl.throwConnectionReset(SocketChannelImpl.java:394)
at java.base/sun.nio.ch.SocketChannelImpl.read(SocketChannelImpl.java:426)
at io.netty.buffer.PooledByteBuf.setBytes(PooledByteBuf.java:256)
at io.netty.buffer.AbstractByteBuf.writeBytes(AbstractByteBuf.java:1132)
at io.netty.channel.socket.nio.NioSocketChannel.doReadBytes(NioSocketChannel.java:357)
at io.netty.channel.nio.AbstractNioByteChannel$NioByteUnsafe.read(AbstractNioByteChannel.java:151)
at io.netty.channel.nio.NioEventLoop.processSelectedKey(NioEventLoop.java:788)
at io.netty.channel.nio.NioEventLoop.processSelectedKeysOptimized(NioEventLoop.java:724)
at io.netty.channel.nio.NioEventLoop.processSelectedKeys(NioEventLoop.java:650)
at io.netty.channel.nio.NioEventLoop.run(NioEventLoop.java:562)
at io.netty.util.concurrent.SingleThreadEventExecutor$4.run(SingleThreadEventExecutor.java:997)
at io.netty.util.internal.ThreadExecutorMap$2.run(ThreadExecutorMap.java:74)
at io.netty.util.concurrent.FastThreadLocalRunnable.run(FastThreadLocalRunnable.java:30)
at java.base/java.lang.Thread.run(Thread.java:833)
... Removed 31 stack frames]]>
    </failure>
  </testcase> <!-- @BeforeMethod instilBrowser -->
  <testcase classname="com.obsquara.SeleniumTestNG.Base" name="@AfterMethod driverCloseOrQuit" time="0.0">
    <skipped/>
  </testcase> <!-- @AfterMethod driverCloseOrQuit -->
  <testcase classname="com.obsquara.SeleniumTestNG.Base" name="@BeforeMethod instilBrowser" time="4.857">
    <failure type="org.openqa.selenium.NoSuchWindowException" message="no such window: target window already closed
from unknown error: web view not found
  (Session info: chrome=117.0.5938.150)
Build info: version: &amp;apos;4.10.0&amp;apos;, revision: &amp;apos;c14d967899&amp;apos;
System info: os.name: &amp;apos;Windows 10&amp;apos;, os.arch: &amp;apos;amd64&amp;apos;, os.version: &amp;apos;10.0&amp;apos;, java.version: &amp;apos;17.0.8&amp;apos;
Driver info: org.openqa.selenium.chrome.ChromeDriver
Command: [89edd46fee2cd269eaf14ffdf9a04ea8, maximizeCurrentWindow {}]
Capabilities {acceptInsecureCerts: false, browserName: chrome, browserVersion: 117.0.5938.150, chrome: {chromedriverVersion: 116.0.5845.96 (1a3918166880..., userDataDir: C:\Users\user\AppData\Local...}, fedcm:accounts: true, goog:chromeOptions: {debuggerAddress: localhost:54748}, networkConnectionEnabled: false, pageLoadStrategy: normal, platformName: windows, proxy: Proxy(), se:cdp: ws://localhost:54748/devtoo..., se:cdpVersion: 117.0.5938.150, setWindowRect: true, strictFileInteractability: false, timeouts: {implicit: 0, pageLoad: 300000, script: 30000}, unhandledPromptBehavior: dismiss and notify, webauthn:extension:credBlob: true, webauthn:extension:largeBlob: true, webauthn:extension:minPinLength: true, webauthn:extension:prf: true, webauthn:virtualAuthenticators: true}
Session ID: 89edd46fee2cd269eaf14ffdf9a04ea8">
      <![CDATA[org.openqa.selenium.NoSuchWindowException: no such window: target window already closed
from unknown error: web view not found
  (Session info: chrome=117.0.5938.150)
Build info: version: '4.10.0', revision: 'c14d967899'
System info: os.name: 'Windows 10', os.arch: 'amd64', os.version: '10.0', java.version: '17.0.8'
Driver info: org.openqa.selenium.chrome.ChromeDriver
Command: [89edd46fee2cd269eaf14ffdf9a04ea8, maximizeCurrentWindow {}]
Capabilities {acceptInsecureCerts: false, browserName: chrome, browserVersion: 117.0.5938.150, chrome: {chromedriverVersion: 116.0.5845.96 (1a3918166880..., userDataDir: C:\Users\user\AppData\Local...}, fedcm:accounts: true, goog:chromeOptions: {debuggerAddress: localhost:54748}, networkConnectionEnabled: false, pageLoadStrategy: normal, platformName: windows, proxy: Proxy(), se:cdp: ws://localhost:54748/devtoo..., se:cdpVersion: 117.0.5938.150, setWindowRect: true, strictFileInteractability: false, timeouts: {implicit: 0, pageLoad: 300000, script: 30000}, unhandledPromptBehavior: dismiss and notify, webauthn:extension:credBlob: true, webauthn:extension:largeBlob: true, webauthn:extension:minPinLength: true, webauthn:extension:prf: true, webauthn:virtualAuthenticators: true}
Session ID: 89edd46fee2cd269eaf14ffdf9a04ea8
at org.openqa.selenium.remote.codec.w3c.W3CHttpResponseCodec.createException(W3CHttpResponseCodec.java:199)
at org.openqa.selenium.remote.codec.w3c.W3CHttpResponseCodec.decode(W3CHttpResponseCodec.java:132)
at org.openqa.selenium.remote.codec.w3c.W3CHttpResponseCodec.decode(W3CHttpResponseCodec.java:51)
at org.openqa.selenium.remote.HttpCommandExecutor.execute(HttpCommandExecutor.java:191)
at org.openqa.selenium.remote.service.DriverCommandExecutor.invokeExecute(DriverCommandExecutor.java:196)
at org.openqa.selenium.remote.service.DriverCommandExecutor.execute(DriverCommandExecutor.java:171)
at org.openqa.selenium.remote.RemoteWebDriver.execute(RemoteWebDriver.java:531)
at org.openqa.selenium.remote.RemoteWebDriver.execute(RemoteWebDriver.java:590)
at org.openqa.selenium.remote.RemoteWebDriver.execute(RemoteWebDriver.java:594)
at org.openqa.selenium.remote.RemoteWebDriver$RemoteWebDriverOptions$RemoteWindow.maximize(RemoteWebDriver.java:955)
at com.obsquara.SeleniumTestNG.Base.instilBrowser(Base.java:25)
at java.base/java.util.ArrayList.forEach(ArrayList.java:1511)
... Removed 36 stack frames]]>
    </failure>
  </testcase> <!-- @BeforeMethod instilBrowser -->
  <testcase classname="com.obsquara.SeleniumTestNG.Base" name="@AfterMethod driverCloseOrQuit" time="0.0">
    <skipped/>
  </testcase> <!-- @AfterMethod driverCloseOrQuit -->
  <testcase classname="com.obsquara.SeleniumTestNG.Base" name="@BeforeMethod instilBrowser" time="3.667">
    <failure type="org.openqa.selenium.remote.UnreachableBrowserException" message="Error communicating with the remote browser. It may have died.
Build info: version: &amp;apos;4.10.0&amp;apos;, revision: &amp;apos;c14d967899&amp;apos;
System info: os.name: &amp;apos;Windows 10&amp;apos;, os.arch: &amp;apos;amd64&amp;apos;, os.version: &amp;apos;10.0&amp;apos;, java.version: &amp;apos;17.0.8&amp;apos;
Driver info: org.openqa.selenium.chrome.ChromeDriver
Command: [7d82718ceaafdc76b2e47a2cf86d1f34, get {url=https://selenium.obsqurazone.com/simple-form-demo.php}]
Capabilities {acceptInsecureCerts: false, browserName: chrome, browserVersion: 117.0.5938.150, chrome: {chromedriverVersion: 116.0.5845.96 (1a3918166880..., userDataDir: C:\Users\user\AppData\Local...}, fedcm:accounts: true, goog:chromeOptions: {debuggerAddress: localhost:54768}, networkConnectionEnabled: false, pageLoadStrategy: normal, platformName: windows, proxy: Proxy(), se:cdp: ws://localhost:54768/devtoo..., se:cdpVersion: 117.0.5938.150, setWindowRect: true, strictFileInteractability: false, timeouts: {implicit: 0, pageLoad: 300000, script: 30000}, unhandledPromptBehavior: dismiss and notify, webauthn:extension:credBlob: true, webauthn:extension:largeBlob: true, webauthn:extension:minPinLength: true, webauthn:extension:prf: true, webauthn:virtualAuthenticators: true}
Session ID: 7d82718ceaafdc76b2e47a2cf86d1f34">
      <![CDATA[org.openqa.selenium.remote.UnreachableBrowserException: Error communicating with the remote browser. It may have died.
Build info: version: '4.10.0', revision: 'c14d967899'
System info: os.name: 'Windows 10', os.arch: 'amd64', os.version: '10.0', java.version: '17.0.8'
Driver info: org.openqa.selenium.chrome.ChromeDriver
Command: [7d82718ceaafdc76b2e47a2cf86d1f34, get {url=https://selenium.obsqurazone.com/simple-form-demo.php}]
Capabilities {acceptInsecureCerts: false, browserName: chrome, browserVersion: 117.0.5938.150, chrome: {chromedriverVersion: 116.0.5845.96 (1a3918166880..., userDataDir: C:\Users\user\AppData\Local...}, fedcm:accounts: true, goog:chromeOptions: {debuggerAddress: localhost:54768}, networkConnectionEnabled: false, pageLoadStrategy: normal, platformName: windows, proxy: Proxy(), se:cdp: ws://localhost:54768/devtoo..., se:cdpVersion: 117.0.5938.150, setWindowRect: true, strictFileInteractability: false, timeouts: {implicit: 0, pageLoad: 300000, script: 30000}, unhandledPromptBehavior: dismiss and notify, webauthn:extension:credBlob: true, webauthn:extension:largeBlob: true, webauthn:extension:minPinLength: true, webauthn:extension:prf: true, webauthn:virtualAuthenticators: true}
Session ID: 7d82718ceaafdc76b2e47a2cf86d1f34
at org.openqa.selenium.remote.RemoteWebDriver.execute(RemoteWebDriver.java:558)
at org.openqa.selenium.remote.RemoteWebDriver.get(RemoteWebDriver.java:295)
at com.obsquara.SeleniumTestNG.Base.instilBrowser(Base.java:23)
at java.base/java.util.ArrayList.forEach(ArrayList.java:1511)
Caused by: java.io.UncheckedIOException: java.net.SocketException: Connection reset
at org.openqa.selenium.remote.http.netty.NettyHttpHandler.makeCall(NettyHttpHandler.java:73)
at org.openqa.selenium.remote.http.AddSeleniumUserAgent.lambda$apply$0(AddSeleniumUserAgent.java:42)
at org.openqa.selenium.remote.http.Filter.lambda$andFinally$1(Filter.java:55)
at org.openqa.selenium.remote.http.netty.NettyHttpHandler.execute(NettyHttpHandler.java:48)
at org.openqa.selenium.remote.http.AddSeleniumUserAgent.lambda$apply$0(AddSeleniumUserAgent.java:42)
at org.openqa.selenium.remote.http.Filter.lambda$andFinally$1(Filter.java:55)
at org.openqa.selenium.remote.http.netty.NettyClient.execute(NettyClient.java:97)
at org.openqa.selenium.remote.HttpCommandExecutor.execute(HttpCommandExecutor.java:188)
at org.openqa.selenium.remote.service.DriverCommandExecutor.invokeExecute(DriverCommandExecutor.java:196)
at org.openqa.selenium.remote.service.DriverCommandExecutor.execute(DriverCommandExecutor.java:171)
at org.openqa.selenium.remote.RemoteWebDriver.execute(RemoteWebDriver.java:531)
... 34 more
Caused by: java.net.SocketException: Connection reset
at java.base/sun.nio.ch.SocketChannelImpl.throwConnectionReset(SocketChannelImpl.java:394)
at java.base/sun.nio.ch.SocketChannelImpl.read(SocketChannelImpl.java:426)
at io.netty.buffer.PooledByteBuf.setBytes(PooledByteBuf.java:256)
at io.netty.buffer.AbstractByteBuf.writeBytes(AbstractByteBuf.java:1132)
at io.netty.channel.socket.nio.NioSocketChannel.doReadBytes(NioSocketChannel.java:357)
at io.netty.channel.nio.AbstractNioByteChannel$NioByteUnsafe.read(AbstractNioByteChannel.java:151)
at io.netty.channel.nio.NioEventLoop.processSelectedKey(NioEventLoop.java:788)
at io.netty.channel.nio.NioEventLoop.processSelectedKeysOptimized(NioEventLoop.java:724)
at io.netty.channel.nio.NioEventLoop.processSelectedKeys(NioEventLoop.java:650)
at io.netty.channel.nio.NioEventLoop.run(NioEventLoop.java:562)
at io.netty.util.concurrent.SingleThreadEventExecutor$4.run(SingleThreadEventExecutor.java:997)
at io.netty.util.internal.ThreadExecutorMap$2.run(ThreadExecutorMap.java:74)
at io.netty.util.concurrent.FastThreadLocalRunnable.run(FastThreadLocalRunnable.java:30)
at java.base/java.lang.Thread.run(Thread.java:833)
... Removed 31 stack frames]]>
    </failure>
  </testcase> <!-- @BeforeMethod instilBrowser -->
  <testcase classname="com.obsquara.SeleniumTestNG.Base" name="@AfterMethod driverCloseOrQuit" time="0.0">
    <skipped/>
  </testcase> <!-- @AfterMethod driverCloseOrQuit -->
  <testcase classname="com.obsquara.SeleniumTestNG.Base" name="@BeforeMethod instilBrowser" time="0.0">
    <skipped/>
  </testcase> <!-- @BeforeMethod instilBrowser -->
  <testcase classname="com.obsquara.SeleniumTestNG.Base" name="@AfterMethod driverCloseOrQuit" time="0.0">
    <skipped/>
  </testcase> <!-- @AfterMethod driverCloseOrQuit -->
  <testcase classname="com.obsquara.SeleniumTestNG.Base" name="@BeforeMethod instilBrowser" time="0.0">
    <skipped/>
  </testcase> <!-- @BeforeMethod instilBrowser -->
  <testcase classname="com.obsquara.SeleniumTestNG.Base" name="@AfterMethod driverCloseOrQuit" time="0.0">
    <skipped/>
  </testcase> <!-- @AfterMethod driverCloseOrQuit -->
  <testcase classname="com.obsquara.SeleniumTestNG.Base" name="@BeforeMethod instilBrowser" time="0.0">
    <skipped/>
  </testcase> <!-- @BeforeMethod instilBrowser -->
  <testcase classname="com.obsquara.SeleniumTestNG.Base" name="@AfterMethod driverCloseOrQuit" time="0.0">
    <skipped/>
  </testcase> <!-- @AfterMethod driverCloseOrQuit -->
  <testcase classname="com.obsquara.SeleniumTestNG.Base" name="@BeforeMethod instilBrowser" time="0.0">
    <skipped/>
  </testcase> <!-- @BeforeMethod instilBrowser -->
  <testcase classname="com.obsquara.SeleniumTestNG.Base" name="@AfterMethod driverCloseOrQuit" time="0.0">
    <skipped/>
  </testcase> <!-- @AfterMethod driverCloseOrQuit -->
  <testcase classname="com.obsquara.SeleniumTestNG.AnnotationScenario" name="@AfterTest afterTest" time="0.0">
    <skipped/>
  </testcase> <!-- @AfterTest afterTest -->
  <testcase classname="com.obsquara.SeleniumTestNG.Annotations" name="@AfterTest afterTest" time="0.0">
    <skipped/>
  </testcase> <!-- @AfterTest afterTest -->
  <testcase classname="com.obsquara.SeleniumTestNG.PopUp" name="alertmet" time="1.422"/>
  <testcase classname="com.obsquara.SeleniumTestNG.PopUp" name="popup" time="4.156">
    <failure type="java.lang.AssertionError" message="Text not Found expected [Log in] but found [null]">
      <![CDATA[java.lang.AssertionError: Text not Found expected [Log in] but found [null]
at com.obsquara.SeleniumTestNG.PopUp.popup(PopUp.java:39)
at java.base/java.util.ArrayList.forEach(ArrayList.java:1511)
... Removed 32 stack frames]]>
    </failure>
  </testcase> <!-- popup -->
  <testcase classname="com.obsquara.SeleniumTestNG.AnnotationScenario" name="testCase1" time="0.0">
    <skipped/>
  </testcase> <!-- testCase1 -->
  <testcase classname="com.obsquara.SeleniumTestNG.NewTest" name="f" time="0.004"/>
  <testcase classname="com.obsquara.SeleniumTestNG.WebTable" name="identifyName" time="0.0">
    <skipped/>
  </testcase> <!-- identifyName -->
  <testcase classname="com.obsquara.SeleniumTestNG.WebTable" name="tableList" time="0.0">
    <skipped/>
  </testcase> <!-- tableList -->
  <testcase classname="com.obsquara.SeleniumTestNG.Assertion" name="asserTrueRadioButtonM" time="0.0">
    <skipped/>
  </testcase> <!-- asserTrueRadioButtonM -->
  <testcase classname="com.obsquara.SeleniumTestNG.Assertion" name="assertFalsRadiobuttonDisable" time="0.0">
    <skipped/>
  </testcase> <!-- assertFalsRadiobuttonDisable -->
  <testcase classname="com.obsquara.SeleniumTestNG.Assertion" name="assertNotNullSample" time="0.0">
    <skipped/>
  </testcase> <!-- assertNotNullSample -->
  <testcase classname="com.obsquara.SeleniumTestNG.Assertion" name="assertNullSample" time="0.0">
    <skipped/>
  </testcase> <!-- assertNullSample -->
  <testcase classname="com.obsquara.SeleniumTestNG.Assertion" name="assertsEqualsSingleinputform" time="0.0">
    <skipped/>
  </testcase> <!-- assertsEqualsSingleinputform -->
  <testcase classname="com.obsquara.SeleniumTestNG.Assertion" name="notEqualSample" time="0.0">
    <skipped/>
  </testcase> <!-- notEqualSample -->
  <testcase classname="com.obsquara.SeleniumTestNG.Assertion" name="softAssert" time="0.0">
    <skipped/>
  </testcase> <!-- softAssert -->
  <testcase classname="com.obsquara.SeleniumTestNG.Assertion" name="verifyShowButtontext" time="0.002">
    <skipped/>
  </testcase> <!-- verifyShowButtontext -->
  <testcase classname="com.obsquara.SeleniumTestNG.JavaScriptExcuteSample" name="showmsg" time="0.0">
    <skipped/>
  </testcase> <!-- showmsg -->
  <testcase classname="com.obsquara.SeleniumTestNG.ActionsClass" name="actions" time="1.308"/>
  <testcase classname="com.obsquara.SeleniumTestNG.Iframes" name="iframesample" time="0.0">
    <skipped/>
  </testcase> <!-- iframesample -->
  <testcase classname="com.obsquara.SeleniumTestNG.SelectClass" name="sampleSelectClass" time="1.228"/>
  <testcase classname="com.obsquara.SeleniumTestNG.Annotations" name="testcase1" time="0.001"/>
  <testcase classname="com.obsquara.SeleniumTestNG.Annotations" name="testcase2" time="0.001"/>
  <testcase classname="com.obsquara.SeleniumTestNG.FindElementsSample" name="menuElements" time="0.0">
    <skipped/>
  </testcase> <!-- menuElements -->
  <testcase classname="com.obsquara.SeleniumTestNG.TestcasesObsquara" name="classAndId" time="0.0">
    <skipped/>
  </testcase> <!-- classAndId -->
  <testcase classname="com.obsquara.SeleniumTestNG.TestcasesObsquara" name="cssSelectorTestcase" time="0.0">
    <skipped/>
  </testcase> <!-- cssSelectorTestcase -->
  <testcase classname="com.obsquara.SeleniumTestNG.TestcasesObsquara" name="idButtonTestcase" time="0.0">
    <skipped/>
  </testcase> <!-- idButtonTestcase -->
  <testcase classname="com.obsquara.SeleniumTestNG.TestcasesObsquara" name="verifyShowButtonAlignment" time="0.0">
    <skipped/>
  </testcase> <!-- verifyShowButtonAlignment -->
  <testcase classname="com.obsquara.SeleniumTestNG.TestcasesObsquara" name="xpathTestcase" time="0.0">
    <skipped/>
  </testcase> <!-- xpathTestcase -->
</testsuite> <!-- Test -->
