<?xml version="1.0" encoding="UTF-8"?>
<testng-results ignored="0" total="1" passed="1" failed="0" skipped="0">
  <reporter-output>
  </reporter-output>
  <suite started-at="2023-09-28T18:15:13 IST" name="Default suite" finished-at="2023-09-28T18:15:24 IST" duration-ms="10543">
    <groups>
    </groups>
    <test started-at="2023-09-28T18:15:13 IST" name="Default test" finished-at="2023-09-28T18:15:24 IST" duration-ms="10543">
      <class name="com.obsquara.SeleniumTestNG.FileUpload">
        <test-method is-config="true" signature="instilBrowser()[pri:0, instance:com.obsquara.SeleniumTestNG.FileUpload@35d019a3]" started-at="2023-09-28T18:15:13 IST" name="instilBrowser" finished-at="2023-09-28T18:15:19 IST" duration-ms="6177" status="PASS">
          <reporter-output>
          </reporter-output>
        </test-method> <!-- instilBrowser -->
        <test-method signature="fileUploadSample()[pri:0, instance:com.obsquara.SeleniumTestNG.FileUpload@35d019a3]" started-at="2023-09-28T18:15:19 IST" name="fileUploadSample" finished-at="2023-09-28T18:15:22 IST" duration-ms="2575" status="PASS">
          <reporter-output>
          </reporter-output>
        </test-method> <!-- fileUploadSample -->
        <test-method is-config="true" signature="driverCloseOrQuit()[pri:0, instance:com.obsquara.SeleniumTestNG.FileUpload@35d019a3]" started-at="2023-09-28T18:15:22 IST" name="driverCloseOrQuit" finished-at="2023-09-28T18:15:24 IST" duration-ms="1702" status="PASS">
          <reporter-output>
          </reporter-output>
        </test-method> <!-- driverCloseOrQuit -->
      </class> <!-- com.obsquara.SeleniumTestNG.FileUpload -->
    </test> <!-- Default test -->
  </suite> <!-- Default suite -->
</testng-results>
