<?xml version="1.0" encoding="UTF-8"?>
<!-- Generated by org.testng.reporters.JUnitXMLReporter -->
<testsuite ignored="0" hostname="DESKTOP-TCMQ2TK" failures="0" tests="5" name="Test" time="34.451" errors="0" timestamp="2023-10-05T08:05:57 IST">
  <testcase classname="com.obsquara.SevenRMart.testscript.LoginTest" name="verifyInvalidUserNameAndInvalidPassword" time="6.186"/>
  <testcase classname="com.obsquara.SevenRMart.testscript.LoginTest" name="verifyUserIsAbleToLoginWithCorrectUserNameAndPassword" time="2.312"/>
  <testcase classname="com.obsquara.SevenRMart.testscript.ManageProdductTest" name="verifyUnableToaddNewIteminmanageproductpage" time="13.765"/>
  <testcase classname="com.obsquara.SevenRMart.testscript.LoginTest" name="verifyUserIsUnableTOLoginWithWrongUserNameAndCorrectPassword" time="1.88"/>
  <testcase classname="com.obsquara.SevenRMart.testscript.LoginTest" name="verifycorrectUserNameandwrongPassword" time="1.137"/>
</testsuite> <!-- Test -->
