<?xml version="1.0" encoding="UTF-8"?>
<!-- Generated by org.testng.reporters.JUnitXMLReporter -->
<testsuite ignored="3" hostname="DESKTOP-TCMQ2TK" failures="2" tests="2" name="Test" time="10.298" errors="0" timestamp="2023-10-05T07:50:49 IST">
  <testcase classname="com.obsquara.SevenRMart.testscript.LoginTest" name="verifyUserIsAbleToLoginWithCorrectUserNameAndPassword" time="0.142">
    <failure type="org.apache.poi.openxml4j.exceptions.NotOfficeXmlFileException" message="No valid entries or contents found, this is not a valid OOXML (Office Open XML) file">
      <![CDATA[org.apache.poi.openxml4j.exceptions.NotOfficeXmlFileException: No valid entries or contents found, this is not a valid OOXML (Office Open XML) file
at org.apache.poi.openxml4j.util.ZipArchiveThresholdInputStream.getNextEntry(ZipArchiveThresholdInputStream.java:145)
at org.apache.poi.openxml4j.util.ZipInputStreamZipEntrySource.<init>(ZipInputStreamZipEntrySource.java:49)
at org.apache.poi.openxml4j.opc.ZipPackage.<init>(ZipPackage.java:106)
at org.apache.poi.openxml4j.opc.OPCPackage.open(OPCPackage.java:307)
at org.apache.poi.ooxml.util.PackageHelper.open(PackageHelper.java:47)
at org.apache.poi.xssf.usermodel.XSSFWorkbook.<init>(XSSFWorkbook.java:309)
at Utilities.ExcelUtility.getString(ExcelUtility.java:54)
at com.obsquara.SevenRMart.testscript.LoginTest.verifyUserIsAbleToLoginWithCorrectUserNameAndPassword(LoginTest.java:18)
at java.base/java.util.concurrent.ThreadPoolExecutor.runWorker(ThreadPoolExecutor.java:1136)
at java.base/java.util.concurrent.ThreadPoolExecutor$Worker.run(ThreadPoolExecutor.java:635)
at java.base/java.lang.Thread.run(Thread.java:833)
Caused by: java.util.zip.ZipException: Unexpected record signature: 0X82801A7F
at org.apache.commons.compress.archivers.zip.ZipArchiveInputStream.getNextZipEntry(ZipArchiveInputStream.java:260)
at org.apache.poi.openxml4j.util.ZipArchiveThresholdInputStream.getNextEntry(ZipArchiveThresholdInputStream.java:141)
... 22 more
... Removed 12 stack frames]]>
    </failure>
  </testcase> <!-- verifyUserIsAbleToLoginWithCorrectUserNameAndPassword -->
  <testcase classname="com.obsquara.SevenRMart.testscript.ManageProdductTest" name="verifyUnableToaddNewIteminmanageproductpage" time="0.256">
    <failure type="java.lang.NullPointerException" message="Cannot invoke &amp;quot;org.apache.poi.xssf.usermodel.XSSFWorkbook.getSheet(String)&amp;quot; because &amp;quot;Utilities.ExcelUtility.wb&amp;quot; is null">
      <![CDATA[java.lang.NullPointerException: Cannot invoke "org.apache.poi.xssf.usermodel.XSSFWorkbook.getSheet(String)" because "Utilities.ExcelUtility.wb" is null
at Utilities.ExcelUtility.getString(ExcelUtility.java:59)
at com.obsquara.SevenRMart.testscript.ManageProdductTest.verifyUnableToaddNewIteminmanageproductpage(ManageProdductTest.java:15)
at java.base/java.util.concurrent.ThreadPoolExecutor.runWorker(ThreadPoolExecutor.java:1136)
at java.base/java.util.concurrent.ThreadPoolExecutor$Worker.run(ThreadPoolExecutor.java:635)
at java.base/java.lang.Thread.run(Thread.java:833)
... Removed 12 stack frames]]>
    </failure>
  </testcase> <!-- verifyUnableToaddNewIteminmanageproductpage -->
  <testcase classname="com.obsquara.SevenRMart.testscript.LoginTest" name="verifyInvalidUserNameAndInvalidPassword" time="0.0">
    <ignored/>
  </testcase> <!-- verifyInvalidUserNameAndInvalidPassword -->
  <testcase classname="com.obsquara.SevenRMart.testscript.LoginTest" name="verifyUserIsUnableTOLoginWithWrongUserNameAndCorrectPassword" time="0.0">
    <ignored/>
  </testcase> <!-- verifyUserIsUnableTOLoginWithWrongUserNameAndCorrectPassword -->
  <testcase classname="com.obsquara.SevenRMart.testscript.LoginTest" name="verifycorrectUserNameandwrongPassword" time="0.0">
    <ignored/>
  </testcase> <!-- verifycorrectUserNameandwrongPassword -->
</testsuite> <!-- Test -->
