<?xml version="1.0" encoding="UTF-8"?>
<!-- Generated by org.testng.reporters.JUnitXMLReporter -->
<testsuite ignored="0" hostname="DESKTOP-TCMQ2TK" failures="0" tests="5" name="Test" time="23.403" errors="0" timestamp="2023-10-05T09:16:01 IST">
  <testcase classname="com.obsquara.SevenRMart.testscript.LoginTest" name="verifyInvalidUserNameAndInvalidPassword" time="1.889"/>
  <testcase classname="com.obsquara.SevenRMart.testscript.LoginTest" name="verifyUserIsAbleToLoginWithCorrectUserNameAndPassword" time="1.231"/>
  <testcase classname="com.obsquara.SevenRMart.testscript.LoginTest" name="verifyUserIsUnableTOLoginWithWrongUserNameAndCorrectPassword" time="1.292"/>
  <testcase classname="com.obsquara.SevenRMart.testscript.LoginTest" name="verifycorrectUserNameandwrongPassword" time="0.926"/>
  <testcase classname="com.obsquara.SevenRMart.testscript.ManageProdductTest" name="verifyUnableToaddNewIteminmanageproductpage" time="3.923"/>
</testsuite> <!-- Test -->
