<?xml version="1.0" encoding="UTF-8"?>
<testng-results ignored="0" total="1" passed="1" failed="0" skipped="0">
  <reporter-output>
  </reporter-output>
  <suite started-at="2023-09-20T19:00:17 IST" name="Default suite" finished-at="2023-09-20T19:00:22 IST" duration-ms="4689">
    <groups>
    </groups>
    <test started-at="2023-09-20T19:00:17 IST" name="Default test" finished-at="2023-09-20T19:00:22 IST" duration-ms="4689">
      <class name="com.obsquara.SevenRMart.SevenRMart">
        <test-method is-config="true" signature="instilBrowser()[pri:0, instance:com.obsquara.SevenRMart.SevenRMart@f6efaab]" started-at="2023-09-20T19:00:17 IST" name="instilBrowser" finished-at="2023-09-20T19:00:20 IST" duration-ms="3367" status="PASS">
          <reporter-output>
          </reporter-output>
        </test-method> <!-- instilBrowser -->
        <test-method signature="sevenrmartAdminLogin()[pri:0, instance:com.obsquara.SevenRMart.SevenRMart@f6efaab]" started-at="2023-09-20T19:00:20 IST" name="sevenrmartAdminLogin" finished-at="2023-09-20T19:00:21 IST" duration-ms="940" status="PASS">
          <reporter-output>
          </reporter-output>
        </test-method> <!-- sevenrmartAdminLogin -->
        <test-method is-config="true" signature="driverCloseOrQuit()[pri:0, instance:com.obsquara.SevenRMart.SevenRMart@f6efaab]" started-at="2023-09-20T19:00:21 IST" name="driverCloseOrQuit" finished-at="2023-09-20T19:00:22 IST" duration-ms="324" status="PASS">
          <reporter-output>
          </reporter-output>
        </test-method> <!-- driverCloseOrQuit -->
      </class> <!-- com.obsquara.SevenRMart.SevenRMart -->
    </test> <!-- Default test -->
  </suite> <!-- Default suite -->
</testng-results>
