<?xml version="1.0" encoding="UTF-8"?>
<!-- Generated by org.testng.reporters.JUnitXMLReporter -->
<testsuite ignored="3" hostname="DESKTOP-TCMQ2TK" failures="0" tests="2" name="Test" time="8.221" errors="0" timestamp="2023-09-27T10:28:39 IST">
  <testcase classname="com.obsquara.SevenRMart.testscript.LoginTest" name="verifyUserIsAbleToLoginWithCorrectUserNameAndPassword" time="1.916"/>
  <testcase classname="com.obsquara.SevenRMart.testscript.LoginTest" name="verifyUserIsUnableTOLoginWithWrongUserNameAndCorrectPassword" time="0.539"/>
  <testcase classname="com.obsquara.SevenRMart.testscript.AdminUsersTest" name="verifyUserCreatedSuccessfullyUserDetailsinAdminUserPage" time="0.0">
    <ignored/>
  </testcase> <!-- verifyUserCreatedSuccessfullyUserDetailsinAdminUserPage -->
  <testcase classname="com.obsquara.SevenRMart.testscript.LoginTest" name="verifyInvalidUserNameAndInvalidPassword" time="0.0">
    <ignored/>
  </testcase> <!-- verifyInvalidUserNameAndInvalidPassword -->
  <testcase classname="com.obsquara.SevenRMart.testscript.LoginTest" name="verifycorrectUserNameandwrongPassword" time="0.0">
    <ignored/>
  </testcase> <!-- verifycorrectUserNameandwrongPassword -->
</testsuite> <!-- Test -->
