<?xml version="1.0" encoding="UTF-8"?>
<!-- Generated by org.testng.reporters.JUnitXMLReporter -->
<testsuite ignored="2" hostname="DESKTOP-TCMQ2TK" failures="0" tests="2" name="Test" time="13.286" errors="0" timestamp="2023-12-06T11:55:39 IST">
  <testcase classname="com.obsquara.SevenRMart.testscript.LoginTest" name="verifyUserIsAbleToLoginWithCorrectUserNameAndPassword" time="2.471"/>
  <testcase classname="com.obsquara.SevenRMart.testscript.LoginTest" name="verifycorrectUserNameandwrongPassword" time="1.026"/>
  <testcase classname="com.obsquara.SevenRMart.testscript.LoginTest" name="verifyInvalidUserNameAndInvalidPassword" time="0.0">
    <ignored/>
  </testcase> <!-- verifyInvalidUserNameAndInvalidPassword -->
  <testcase classname="com.obsquara.SevenRMart.testscript.LoginTest" name="verifyUserIsUnableTOLoginWithWrongUserNameAndCorrectPassword" time="0.0">
    <ignored/>
  </testcase> <!-- verifyUserIsUnableTOLoginWithWrongUserNameAndCorrectPassword -->
</testsuite> <!-- Test -->
