<?xml version="1.0" encoding="UTF-8"?>
<!-- Generated by org.testng.reporters.JUnitXMLReporter -->
<testsuite ignored="1" hostname="DESKTOP-TCMQ2TK" failures="0" tests="1" name="Default test" time="6.642" errors="0" timestamp="2023-09-24T23:50:57 IST">
  <testcase classname="com.obsquara.SeleniumTestNG.PopUp" name="alertmet" time="0.801"/>
  <testcase classname="com.obsquara.SeleniumTestNG.PopUp" name="popup" time="0.0">
    <ignored/>
  </testcase> <!-- popup -->
</testsuite> <!-- Default test -->
