<?xml version="1.0" encoding="UTF-8"?>
<!-- Generated by org.testng.reporters.JUnitXMLReporter -->
<testsuite ignored="7" hostname="DESKTOP-TCMQ2TK" failures="0" tests="1" name="Default test" time="5.142" errors="0" timestamp="2023-09-20T18:08:32 IST">
  <testcase classname="com.obsquara.SeleniumTestNG.Assertion" name="verifyShowButtontext" time="0.054"/>
  <testcase classname="com.obsquara.SeleniumTestNG.Assertion" name="assertNotNullSample" time="0.0">
    <ignored/>
  </testcase> <!-- assertNotNullSample -->
  <testcase classname="com.obsquara.SeleniumTestNG.Assertion" name="assertsEqualsSingleinputform" time="0.0">
    <ignored/>
  </testcase> <!-- assertsEqualsSingleinputform -->
  <testcase classname="com.obsquara.SeleniumTestNG.Assertion" name="softAssert" time="0.0">
    <ignored/>
  </testcase> <!-- softAssert -->
  <testcase classname="com.obsquara.SeleniumTestNG.Assertion" name="notEqualSample" time="0.0">
    <ignored/>
  </testcase> <!-- notEqualSample -->
  <testcase classname="com.obsquara.SeleniumTestNG.Assertion" name="assertNullSample" time="0.0">
    <ignored/>
  </testcase> <!-- assertNullSample -->
  <testcase classname="com.obsquara.SeleniumTestNG.Assertion" name="asserTrueRadioButtonM" time="0.0">
    <ignored/>
  </testcase> <!-- asserTrueRadioButtonM -->
  <testcase classname="com.obsquara.SeleniumTestNG.Assertion" name="assertFalsRadiobuttonDisable" time="0.0">
    <ignored/>
  </testcase> <!-- assertFalsRadiobuttonDisable -->
</testsuite> <!-- Default test -->
